2025-10-09 16:51:00 [WARN]: 404 - Ruta no encontrada: POST /pagina/crear
2025-10-09 16:51:01 [INFO]: [0mPOST /pagina/crear [33m404[0m 10.013 ms - 62[0m
2025-10-09 16:51:46 [INFO]: [0mPOST /api/login [33m400[0m 1.681 ms - 44[0m
2025-10-09 16:52:53 [INFO]: [0mPOST /api/login [32m200[0m 233.831 ms - 345[0m
2025-10-09 16:53:27 [INFO]: [0mGET /api/tasks [32m200[0m 291.319 ms - 574[0m
2025-10-09 17:04:48 [INFO]: [0mGET /api/tasks [31m500[0m 311.989 ms - 50[0m
2025-10-09 17:05:46 [INFO]: [0mPOST /api/register [32m200[0m 398.340 ms - 345[0m
2025-10-09 17:09:19 [ERROR]: Error: Expected double-quoted property name in JSON at position 53 (line 5 column 1)
Stack: SyntaxError: Expected double-quoted property name in JSON at position 53 (line 5 column 1)
    at JSON.parse (<anonymous>)
    at parse (/home/leonardo/Escritorio/proyectos/backed-main/node_modules/body-parser/lib/types/json.js:92:19)
    at /home/leonardo/Escritorio/proyectos/backed-main/node_modules/body-parser/lib/read.js:128:18
    at AsyncResource.runInAsyncScope (node:async_hooks:214:14)
    at invokeCallback (/home/leonardo/Escritorio/proyectos/backed-main/node_modules/raw-body/index.js:238:16)
    at done (/home/leonardo/Escritorio/proyectos/backed-main/node_modules/raw-body/index.js:227:7)
    at IncomingMessage.onEnd (/home/leonardo/Escritorio/proyectos/backed-main/node_modules/raw-body/index.js:287:7)
    at IncomingMessage.emit (node:events:519:28)
    at endReadableNT (node:internal/streams/readable:1698:12)
    at process.processTicksAndRejections (node:internal/process/task_queues:90:21)
2025-10-09 17:09:19 [INFO]: [0mPOST /api/login [33m400[0m 12.037 ms - 107[0m
2025-10-09 17:10:15 [INFO]: [0mPOST /api/login [33m400[0m 145.619 ms - 28[0m
2025-10-09 17:10:53 [INFO]: [0mPOST /api/login [33m400[0m 1.916 ms - 21[0m
2025-10-09 17:11:12 [INFO]: [0mPOST /api/login [33m400[0m 0.903 ms - 17[0m
2025-10-09 17:11:23 [INFO]: [0mPOST /api/login [33m400[0m 136.863 ms - 28[0m
2025-10-09 17:14:57 [INFO]: [0mPOST /api/login [33m400[0m 154.473 ms - 28[0m
2025-10-09 17:15:11 [INFO]: [0mPOST /api/login [33m400[0m 136.408 ms - 28[0m
2025-10-09 17:18:14 [INFO]: [0mPOST /api/register [32m200[0m 396.503 ms - 346[0m
2025-10-09 17:18:38 [INFO]: [0mPOST /api/login [33m400[0m 146.567 ms - 28[0m
2025-10-09 17:24:18 [INFO]: [0mPOST /api/register [32m200[0m 428.290 ms - 346[0m
2025-10-09 17:24:23 [INFO]: [0mPOST /api/login [33m400[0m 158.053 ms - 28[0m
2025-10-09 17:24:38 [INFO]: [0mPOST /api/login [33m400[0m 141.717 ms - 28[0m
2025-10-09 17:28:08 [INFO]: [0mPOST /api/login [33m400[0m 180.393 ms - 28[0m
2025-10-09 17:28:34 [INFO]: [0mPOST /api/register [31m500[0m 239.729 ms - 78[0m
2025-10-09 17:29:41 [INFO]: [0mPOST /api/register [31m500[0m 249.200 ms - 78[0m
2025-10-09 17:31:47 [INFO]: [0mPOST /api/register [31m500[0m 239.874 ms - 78[0m
2025-10-09 17:33:26 [INFO]: [0mPOST /api/register [32m200[0m 397.855 ms - 345[0m
2025-10-09 17:33:34 [INFO]: [0mPOST /api/login [32m200[0m 223.011 ms - 345[0m
2025-10-09 17:34:49 [INFO]: [0mGET /api/profile [32m200[0m 144.364 ms - 154[0m
2025-10-09 17:36:55 [INFO]: [0mPOST /api/tasks [32m201[0m 184.771 ms - 283[0m
2025-10-09 17:37:00 [INFO]: [0mGET /api/tasks [32m200[0m 296.383 ms - 336[0m
2025-10-09 17:38:31 [INFO]: [0mGET /api/tasks [32m200[0m 270.520 ms - 336[0m
2025-10-09 17:38:41 [INFO]: [0mGET /api/tasks [32m200[0m 274.246 ms - 336[0m
2025-10-09 17:39:56 [INFO]: [0mGET /api/tasks [32m200[0m 328.499 ms - 314[0m
2025-10-09 21:16:29 [INFO]: [0mGET /api/tasks [32m200[0m 319.019 ms - 354[0m
2025-10-09 21:16:38 [INFO]: [0mGET /api/profile [32m200[0m 141.779 ms - 226[0m
2025-10-09 21:19:46 [INFO]: [0mPUT /api/profile [32m200[0m 164.333 ms - 290[0m
2025-10-09 21:19:51 [INFO]: [0mGET /api/profile [32m200[0m 146.879 ms - 290[0m
2025-10-09 21:30:33 [INFO]: [0mGET /api/estudiantes/profile [33m404[0m 294.497 ms - 39[0m
2025-10-09 21:33:13 [INFO]: [0mPOST /api/estudiantes/profile [33m400[0m 2.743 ms - 20[0m
2025-10-09 21:34:47 [INFO]: [0mPOST /api/estudiantes/profile [32m201[0m 451.712 ms - 540[0m
2025-10-09 21:35:43 [INFO]: [0mGET /api/estudiantes/profile [31m500[0m 302.089 ms - 98[0m
2025-10-10 12:50:15 [INFO]: [0mPOST /api/login [32m200[0m 425.228 ms - 505[0m
2025-10-10 12:50:35 [INFO]: [0mPOST /api/cursos [32m201[0m 171.387 ms - 740[0m
2025-10-10 13:05:51 [INFO]: [0mGET /api/profesores [32m200[0m 158.706 ms - 282[0m
2025-10-10 14:27:02 [INFO]: [0mGET /api/carrito [33m403[0m 162.719 ms - 43[0m
2025-10-10 15:01:26 [INFO]: [0mPOST /api/login [32m200[0m 391.912 ms - 455[0m
2025-10-10 15:01:39 [INFO]: [0mGET /api/matriculas/estudiante [31m500[0m 6.124 ms - 116[0m
2025-10-10 15:03:41 [INFO]: [0mGET /api/matriculas/estudiante [32m200[0m 323.958 ms - 640[0m
2025-10-10 15:14:34 [INFO]: [0mPOST /api/login [32m200[0m 417.184 ms - 505[0m
2025-10-10 15:18:54 [INFO]: [0mPUT /api/cursos/68e9476b8f50fe8b0a986f14 [32m200[0m 167.808 ms - 740[0m
2025-10-10 15:19:31 [INFO]: [0mPUT /api/cursos/68e9476b8f50fe8b0a986f14 [32m200[0m 174.396 ms - 806[0m
2025-10-10 15:20:40 [WARN]: 404 - Ruta no encontrada: GET //uploads/cursos/miles-morales-en-spider-man-un-nuevo-universo_3840x2160_xtrafondos.com-1760127571177-711377592.jpg
2025-10-10 15:20:40 [INFO]: [0mGET //uploads/cursos/miles-morales-en-spider-man-un-nuevo-universo_3840x2160_xtrafondos.com-1760127571177-711377592.jpg [33m404[0m 0.814 ms - 62[0m
2025-10-10 15:20:40 [WARN]: 404 - Ruta no encontrada: GET /favicon.ico
2025-10-10 15:20:40 [INFO]: [0mGET /favicon.ico [33m404[0m 0.858 ms - 62[0m
2025-10-10 16:11:04 [WARN]: CORS blocked origin: http://localhost:3000
2025-10-10 16:11:04 [ERROR]: Error: No autorizado por CORS
Stack: Error: No autorizado por CORS
    at origin (file:///home/leonardo/Escritorio/proyectos/proyectos%20integradores/backed-main/src/app.js:78:16)
    at /home/leonardo/Escritorio/proyectos/proyectos integradores/backed-main/node_modules/cors/lib/index.js:219:13
    at optionsCallback (/home/leonardo/Escritorio/proyectos/proyectos integradores/backed-main/node_modules/cors/lib/index.js:199:9)
    at corsMiddleware (/home/leonardo/Escritorio/proyectos/proyectos integradores/backed-main/node_modules/cors/lib/index.js:204:7)
    at Layer.handle [as handle_request] (/home/leonardo/Escritorio/proyectos/proyectos integradores/backed-main/node_modules/express/lib/router/layer.js:95:5)
    at trim_prefix (/home/leonardo/Escritorio/proyectos/proyectos integradores/backed-main/node_modules/express/lib/router/index.js:328:13)
    at /home/leonardo/Escritorio/proyectos/proyectos integradores/backed-main/node_modules/express/lib/router/index.js:286:9
    at Function.process_params (/home/leonardo/Escritorio/proyectos/proyectos integradores/backed-main/node_modules/express/lib/router/index.js:346:12)
    at next (/home/leonardo/Escritorio/proyectos/proyectos integradores/backed-main/node_modules/express/lib/router/index.js:280:10)
    at expressInit (/home/leonardo/Escritorio/proyectos/proyectos integradores/backed-main/node_modules/express/lib/middleware/init.js:40:5)
2025-10-10 16:11:04 [WARN]: CORS blocked origin: http://localhost:3000
2025-10-10 16:11:04 [ERROR]: Error: No autorizado por CORS
Stack: Error: No autorizado por CORS
    at origin (file:///home/leonardo/Escritorio/proyectos/proyectos%20integradores/backed-main/src/app.js:78:16)
    at /home/leonardo/Escritorio/proyectos/proyectos integradores/backed-main/node_modules/cors/lib/index.js:219:13
    at optionsCallback (/home/leonardo/Escritorio/proyectos/proyectos integradores/backed-main/node_modules/cors/lib/index.js:199:9)
    at corsMiddleware (/home/leonardo/Escritorio/proyectos/proyectos integradores/backed-main/node_modules/cors/lib/index.js:204:7)
    at Layer.handle [as handle_request] (/home/leonardo/Escritorio/proyectos/proyectos integradores/backed-main/node_modules/express/lib/router/layer.js:95:5)
    at trim_prefix (/home/leonardo/Escritorio/proyectos/proyectos integradores/backed-main/node_modules/express/lib/router/index.js:328:13)
    at /home/leonardo/Escritorio/proyectos/proyectos integradores/backed-main/node_modules/express/lib/router/index.js:286:9
    at Function.process_params (/home/leonardo/Escritorio/proyectos/proyectos integradores/backed-main/node_modules/express/lib/router/index.js:346:12)
    at next (/home/leonardo/Escritorio/proyectos/proyectos integradores/backed-main/node_modules/express/lib/router/index.js:280:10)
    at expressInit (/home/leonardo/Escritorio/proyectos/proyectos integradores/backed-main/node_modules/express/lib/middleware/init.js:40:5)
2025-10-10 16:12:02 [WARN]: CORS blocked origin: http://localhost:3000
2025-10-10 16:12:02 [ERROR]: Error: No autorizado por CORS
Stack: Error: No autorizado por CORS
    at origin (file:///home/leonardo/Escritorio/proyectos/proyectos%20integradores/backed-main/src/app.js:75:16)
    at /home/leonardo/Escritorio/proyectos/proyectos integradores/backed-main/node_modules/cors/lib/index.js:219:13
    at optionsCallback (/home/leonardo/Escritorio/proyectos/proyectos integradores/backed-main/node_modules/cors/lib/index.js:199:9)
    at corsMiddleware (/home/leonardo/Escritorio/proyectos/proyectos integradores/backed-main/node_modules/cors/lib/index.js:204:7)
    at Layer.handle [as handle_request] (/home/leonardo/Escritorio/proyectos/proyectos integradores/backed-main/node_modules/express/lib/router/layer.js:95:5)
    at trim_prefix (/home/leonardo/Escritorio/proyectos/proyectos integradores/backed-main/node_modules/express/lib/router/index.js:328:13)
    at /home/leonardo/Escritorio/proyectos/proyectos integradores/backed-main/node_modules/express/lib/router/index.js:286:9
    at Function.process_params (/home/leonardo/Escritorio/proyectos/proyectos integradores/backed-main/node_modules/express/lib/router/index.js:346:12)
    at next (/home/leonardo/Escritorio/proyectos/proyectos integradores/backed-main/node_modules/express/lib/router/index.js:280:10)
    at expressInit (/home/leonardo/Escritorio/proyectos/proyectos integradores/backed-main/node_modules/express/lib/middleware/init.js:40:5)
2025-10-10 16:12:33 [WARN]: 404 - Ruta no encontrada: GET /curso
2025-10-10 16:12:33 [INFO]: [0mGET /curso [33m404[0m 5.993 ms - 62[0m
2025-10-10 16:13:38 [WARN]: 404 - Ruta no encontrada: GET /api/curso
2025-10-10 16:13:38 [INFO]: [0mGET /api/curso [33m404[0m 1.727 ms - 62[0m
2025-10-10 16:14:14 [INFO]: [0mGET /api/cursos [33m401[0m 0.783 ms - 26[0m
2025-10-10 16:14:57 [INFO]: [0mGET /api/cursos [33m401[0m 0.378 ms - 26[0m
2025-10-10 16:15:26 [WARN]: 404 - Ruta no encontrada: POST /api/auth/login
2025-10-10 16:15:26 [INFO]: [0mPOST /api/auth/login [33m404[0m 8.078 ms - 62[0m
2025-10-10 16:15:53 [INFO]: [0mPOST /api/login [32m200[0m 453.821 ms - 514[0m
2025-10-10 16:16:07 [INFO]: [0mPOST /api/login [32m200[0m 347.429 ms - 514[0m
2025-10-10 16:17:47 [INFO]: [0mPOST /api/login [32m200[0m 349.390 ms - 514[0m
2025-10-10 16:18:34 [INFO]: [0mPOST /api/login [32m200[0m 373.450 ms - 514[0m
2025-10-10 16:20:15 [INFO]: [0mPOST /api/login [32m200[0m 353.303 ms - 514[0m
2025-10-10 16:22:46 [INFO]: [0mPOST /api/login [32m200[0m 387.820 ms - 514[0m
2025-10-10 16:27:07 [WARN]: 404 - Ruta no encontrada: POST /login
2025-10-10 16:27:07 [INFO]: [0mPOST /login [33m404[0m 1.359 ms - 62[0m
2025-10-10 16:27:09 [WARN]: 404 - Ruta no encontrada: POST /login
2025-10-10 16:27:09 [INFO]: [0mPOST /login [33m404[0m 0.898 ms - 62[0m
2025-10-10 16:28:47 [WARN]: 404 - Ruta no encontrada: POST /login
2025-10-10 16:28:47 [INFO]: [0mPOST /login [33m404[0m 0.976 ms - 62[0m
2025-10-10 16:29:33 [WARN]: 404 - Ruta no encontrada: POST /login
2025-10-10 16:29:33 [INFO]: [0mPOST /login [33m404[0m 0.645 ms - 62[0m
2025-10-10 16:30:52 [INFO]: [0mPOST /api/login [32m200[0m 379.858 ms - 514[0m
2025-10-10 16:32:15 [WARN]: 404 - Ruta no encontrada: POST /api/api/login
2025-10-10 16:32:15 [INFO]: [0mPOST /api/api/login [33m404[0m 0.853 ms - 62[0m
2025-10-10 16:33:22 [INFO]: [0mPOST /api/register [32m200[0m 677.145 ms - 464[0m
2025-10-10 16:39:49 [WARN]: 404 - Ruta no encontrada: POST /login
2025-10-10 16:39:49 [INFO]: [0mPOST /login [33m404[0m 0.882 ms - 62[0m
2025-10-10 16:39:52 [WARN]: 404 - Ruta no encontrada: POST /login
2025-10-10 16:39:52 [INFO]: [0mPOST /login [33m404[0m 1.827 ms - 62[0m
2025-10-10 16:40:01 [WARN]: 404 - Ruta no encontrada: GET /login
2025-10-10 16:40:01 [INFO]: [0mGET /login [33m404[0m 0.567 ms - 62[0m
2025-10-10 16:40:01 [WARN]: 404 - Ruta no encontrada: GET /favicon.ico
2025-10-10 16:40:01 [INFO]: [0mGET /favicon.ico [33m404[0m 0.750 ms - 62[0m
2025-10-10 16:40:14 [WARN]: 404 - Ruta no encontrada: GET /login
2025-10-10 16:40:14 [INFO]: [0mGET /login [33m404[0m 0.912 ms - 62[0m
2025-10-10 16:40:17 [INFO]: [0mPOST /api/login [32m200[0m 373.554 ms - 464[0m
2025-10-10 16:40:40 [INFO]: [0mPOST /api/login [32m200[0m 372.638 ms - 464[0m
2025-10-10 16:41:28 [INFO]: [0mPOST /api/login [32m200[0m 362.980 ms - 464[0m
2025-10-10 16:42:32 [INFO]: [0mPOST /api/logout [32m200[0m 0.653 ms - 2[0m
2025-10-10 16:42:48 [INFO]: [0mPOST /api/login [32m200[0m 372.250 ms - 464[0m
2025-10-10 16:45:52 [INFO]: [0mGET /api/cursos [33m401[0m 2.332 ms - 26[0m
2025-10-10 16:45:52 [INFO]: [0mGET /api/cursos [33m401[0m 0.403 ms - 26[0m
2025-10-10 16:47:47 [INFO]: [0mGET /api/cursos [33m401[0m 13.920 ms - 26[0m
2025-10-10 16:48:04 [INFO]: [0mPOST /api/login [32m200[0m 395.381 ms - 505[0m
2025-10-10 16:48:07 [INFO]: [0mGET /api/cursos [32m200[0m 145.570 ms - 1325[0m
2025-10-10 16:49:21 [INFO]: [0mGET /api/cursos [33m401[0m 0.325 ms - 26[0m
2025-10-10 16:51:03 [INFO]: [0mGET /api/cursos [33m401[0m 0.359 ms - 26[0m
2025-10-10 16:51:56 [INFO]: [0mGET /api/cursos [33m401[0m 0.261 ms - 26[0m
2025-10-10 16:53:56 [INFO]: [0mGET /api/cursos [33m401[0m 0.398 ms - 26[0m
2025-10-10 16:54:54 [INFO]: [0mGET /api/cursos [33m401[0m 0.474 ms - 26[0m
2025-10-10 16:55:17 [INFO]: [0mGET /api/cursos [32m200[0m 148.510 ms - 1325[0m
2025-10-10 16:58:06 [INFO]: [0mGET /api/cursos [33m401[0m 2.813 ms - 26[0m
2025-10-10 16:59:09 [INFO]: [0mPOST /api/login [32m200[0m 392.044 ms - 464[0m
2025-10-10 17:00:13 [INFO]: [0mGET /api/cursos/activos [32m200[0m 150.945 ms - 670[0m
2025-10-10 17:00:13 [INFO]: [0mGET /api/cursos/activos [32m200[0m 148.235 ms - 670[0m
2025-10-10 17:00:15 [INFO]: [0mGET /api/cursos/activos [32m200[0m 147.083 ms - 670[0m
2025-10-10 17:00:22 [INFO]: [0mGET /api/cursos/activos [32m200[0m 157.812 ms - 670[0m
2025-10-10 17:01:05 [INFO]: [0mGET /api/cursos/activos [32m200[0m 146.637 ms - 670[0m
2025-10-10 17:02:42 [INFO]: [0mGET /api/cursos [33m401[0m 0.279 ms - 26[0m
2025-10-10 17:03:04 [INFO]: [0mGET /api/cursos/activos [32m200[0m 146.369 ms - 670[0m
2025-10-10 17:05:03 [WARN]: 404 - Ruta no encontrada: GET /https://ejemplo.com/imagenes/curso-js-basico.png
2025-10-10 17:05:03 [INFO]: [0mGET /https://ejemplo.com/imagenes/curso-js-basico.png [33m404[0m 0.755 ms - 62[0m
2025-10-10 17:05:03 [WARN]: 404 - Ruta no encontrada: GET //uploads/cursos/miles-morales-en-spider-man-un-nuevo-universo_3840x2160_xtrafondos.com-1760127571177-711377592.jpg
2025-10-10 17:05:03 [INFO]: [0mGET //uploads/cursos/miles-morales-en-spider-man-un-nuevo-universo_3840x2160_xtrafondos.com-1760127571177-711377592.jpg [33m404[0m 0.575 ms - 62[0m
2025-10-10 17:05:08 [INFO]: [0mGET /api/cursos/activos [32m200[0m 146.012 ms - 670[0m
2025-10-10 17:05:08 [WARN]: 404 - Ruta no encontrada: GET /https://ejemplo.com/imagenes/curso-js-basico.png
2025-10-10 17:05:08 [INFO]: [0mGET /https://ejemplo.com/imagenes/curso-js-basico.png [33m404[0m 0.722 ms - 62[0m
2025-10-10 17:05:08 [WARN]: 404 - Ruta no encontrada: GET //uploads/cursos/miles-morales-en-spider-man-un-nuevo-universo_3840x2160_xtrafondos.com-1760127571177-711377592.jpg
2025-10-10 17:05:08 [INFO]: [0mGET //uploads/cursos/miles-morales-en-spider-man-un-nuevo-universo_3840x2160_xtrafondos.com-1760127571177-711377592.jpg [33m404[0m 0.511 ms - 62[0m
2025-10-10 17:05:50 [INFO]: [0mGET /api/cursos/activos [32m200[0m 146.383 ms - 670[0m
2025-10-10 17:06:04 [WARN]: 404 - Ruta no encontrada: GET /favicon.ico
2025-10-10 17:06:04 [INFO]: [0mGET /favicon.ico [33m404[0m 0.502 ms - 62[0m
2025-10-10 17:06:34 [INFO]: [0mGET /api/cursos/activos [32m200[0m 146.486 ms - 670[0m
2025-10-10 17:07:41 [WARN]: 404 - Ruta no encontrada: GET /api/uploads/cursos/miles-morales-en-spider-man-un-nuevo-universo_3840x2160_xtrafondos.com-1760127571177-711377592.jpg
2025-10-10 17:07:41 [INFO]: [0mGET /api/uploads/cursos/miles-morales-en-spider-man-un-nuevo-universo_3840x2160_xtrafondos.com-1760127571177-711377592.jpg [33m404[0m 0.564 ms - 62[0m
2025-10-10 17:07:50 [INFO]: [0mGET /api/cursos/activos [32m200[0m 201.126 ms - 670[0m
2025-10-10 17:07:50 [WARN]: 404 - Ruta no encontrada: GET /api/uploads/cursos/miles-morales-en-spider-man-un-nuevo-universo_3840x2160_xtrafondos.com-1760127571177-711377592.jpg
2025-10-10 17:07:50 [INFO]: [0mGET /api/uploads/cursos/miles-morales-en-spider-man-un-nuevo-universo_3840x2160_xtrafondos.com-1760127571177-711377592.jpg [33m404[0m 0.776 ms - 62[0m
2025-10-10 17:08:47 [INFO]: [0mGET /api/cursos/activos [32m200[0m 144.793 ms - 670[0m
2025-10-10 17:09:32 [INFO]: [0mGET /api/cursos/activos [32m200[0m 144.993 ms - 670[0m
2025-10-10 17:10:47 [WARN]: 404 - Ruta no encontrada: GET /api/uploads/cursos/miles-morales-en-spider-man-un-nuevo-universo_3840x2160_xtrafondos.com-1760127571177-711377592.jpg
2025-10-10 17:10:47 [INFO]: [0mGET /api/uploads/cursos/miles-morales-en-spider-man-un-nuevo-universo_3840x2160_xtrafondos.com-1760127571177-711377592.jpg [33m404[0m 2.266 ms - 62[0m
2025-10-10 17:10:59 [INFO]: [0mGET /api/cursos/activos [32m200[0m 144.738 ms - 670[0m
2025-10-10 17:10:59 [WARN]: 404 - Ruta no encontrada: GET /api/uploads/cursos/miles-morales-en-spider-man-un-nuevo-universo_3840x2160_xtrafondos.com-1760127571177-711377592.jpg
2025-10-10 17:10:59 [INFO]: [0mGET /api/uploads/cursos/miles-morales-en-spider-man-un-nuevo-universo_3840x2160_xtrafondos.com-1760127571177-711377592.jpg [33m404[0m 1.337 ms - 62[0m
2025-10-10 17:12:06 [INFO]: [0mGET /api/cursos/activos [32m200[0m 146.490 ms - 670[0m
2025-10-10 17:12:35 [INFO]: [0mGET /api/cursos/activos [32m200[0m 147.289 ms - 670[0m
2025-10-10 17:13:18 [INFO]: [0mGET /api/cursos/activos [32m200[0m 145.748 ms - 670[0m
2025-10-10 17:14:09 [INFO]: [0mPOST /api/login [32m200[0m 371.742 ms - 464[0m
2025-10-10 17:14:55 [INFO]: [0mPOST /api/login [32m200[0m 375.585 ms - 464[0m
2025-10-10 17:15:40 [INFO]: [0mGET /api/cursos/activos [32m200[0m 185.128 ms - 670[0m
2025-10-10 17:15:40 [INFO]: [0mGET /api/cursos/activos [32m200[0m 182.557 ms - 670[0m
2025-10-10 17:15:44 [INFO]: [0mGET /api/cursos/activos [32m200[0m 182.345 ms - 670[0m
2025-10-10 17:47:00 [INFO]: [0mGET /api/cursos/activos [32m200[0m 146.610 ms - 670[0m
2025-10-10 17:47:05 [INFO]: [0mPOST /api/login [32m200[0m 383.250 ms - 464[0m
2025-10-10 17:48:01 [INFO]: [0mGET /api/cursos/activos [32m200[0m 148.048 ms - 670[0m
2025-10-10 17:50:40 [INFO]: [0mGET /api/cursos/activos [32m200[0m 147.006 ms - 670[0m
2025-10-10 17:57:54 [INFO]: [0mPOST /api/login [33m400[0m 153.757 ms - 28[0m
2025-10-10 17:58:02 [INFO]: [0mPOST /api/login [32m200[0m 394.642 ms - 464[0m
2025-10-10 17:58:10 [INFO]: [0mPOST /api/login [32m200[0m 372.311 ms - 464[0m
2025-10-10 17:59:27 [INFO]: [0mPOST /api/login [32m200[0m 370.679 ms - 464[0m
2025-10-10 18:00:06 [INFO]: [0mPOST /api/login [32m200[0m 1907.286 ms - 464[0m
2025-10-10 18:01:51 [INFO]: [0mPOST /api/login [32m200[0m 376.250 ms - 464[0m
2025-10-10 18:02:25 [INFO]: [0mPOST /api/login [32m200[0m 381.711 ms - 464[0m
2025-10-10 18:08:15 [INFO]: [0mPOST /api/login [32m200[0m 406.370 ms - 467[0m
2025-10-10 18:08:17 [WARN]: 404 - Ruta no encontrada: GET /api/estudiante/profile
2025-10-10 18:08:17 [INFO]: [0mGET /api/estudiante/profile [33m404[0m 1.074 ms - 62[0m
2025-10-10 18:08:17 [WARN]: 404 - Ruta no encontrada: GET /api/matricula
2025-10-10 18:08:17 [INFO]: [0mGET /api/matricula [33m404[0m 1.159 ms - 62[0m
2025-10-10 18:08:17 [WARN]: 404 - Ruta no encontrada: GET /api/clase
2025-10-10 18:08:17 [INFO]: [0mGET /api/clase [33m404[0m 0.700 ms - 62[0m
2025-10-10 18:08:17 [WARN]: 404 - Ruta no encontrada: GET /api/estudiante/profile
2025-10-10 18:08:17 [INFO]: [0mGET /api/estudiante/profile [33m404[0m 2.265 ms - 62[0m
2025-10-10 18:08:17 [WARN]: 404 - Ruta no encontrada: GET /api/matricula
2025-10-10 18:08:17 [INFO]: [0mGET /api/matricula [33m404[0m 0.815 ms - 62[0m
2025-10-10 18:08:17 [WARN]: 404 - Ruta no encontrada: GET /api/clase
2025-10-10 18:08:17 [INFO]: [0mGET /api/clase [33m404[0m 2.243 ms - 62[0m
2025-10-10 18:08:32 [WARN]: 404 - Ruta no encontrada: GET /api/clase
2025-10-10 18:08:32 [INFO]: [0mGET /api/clase [33m404[0m 0.597 ms - 62[0m
2025-10-10 18:08:32 [WARN]: 404 - Ruta no encontrada: GET /api/clase
2025-10-10 18:08:32 [INFO]: [0mGET /api/clase [33m404[0m 0.680 ms - 62[0m
2025-10-10 18:08:34 [WARN]: 404 - Ruta no encontrada: GET /api/estudiante/profile
2025-10-10 18:08:34 [INFO]: [0mGET /api/estudiante/profile [33m404[0m 0.539 ms - 62[0m
2025-10-10 18:08:34 [WARN]: 404 - Ruta no encontrada: GET /api/estudiante/profile
2025-10-10 18:08:34 [INFO]: [0mGET /api/estudiante/profile [33m404[0m 0.626 ms - 62[0m
2025-10-10 18:08:34 [WARN]: 404 - Ruta no encontrada: GET /api/matricula
2025-10-10 18:08:34 [INFO]: [0mGET /api/matricula [33m404[0m 0.727 ms - 62[0m
2025-10-10 18:08:34 [WARN]: 404 - Ruta no encontrada: GET /api/matricula
2025-10-10 18:08:34 [INFO]: [0mGET /api/matricula [33m404[0m 0.572 ms - 62[0m
2025-10-10 18:08:35 [WARN]: 404 - Ruta no encontrada: GET /api/matricula
2025-10-10 18:08:35 [INFO]: [0mGET /api/matricula [33m404[0m 0.721 ms - 62[0m
2025-10-10 18:08:35 [WARN]: 404 - Ruta no encontrada: GET /api/estudiante/profile
2025-10-10 18:08:35 [INFO]: [0mGET /api/estudiante/profile [33m404[0m 1.273 ms - 62[0m
2025-10-10 18:08:35 [WARN]: 404 - Ruta no encontrada: GET /api/clase
2025-10-10 18:08:35 [INFO]: [0mGET /api/clase [33m404[0m 0.530 ms - 62[0m
2025-10-10 18:08:35 [WARN]: 404 - Ruta no encontrada: GET /api/matricula
2025-10-10 18:08:35 [INFO]: [0mGET /api/matricula [33m404[0m 0.600 ms - 62[0m
2025-10-10 18:08:35 [WARN]: 404 - Ruta no encontrada: GET /api/estudiante/profile
2025-10-10 18:08:35 [INFO]: [0mGET /api/estudiante/profile [33m404[0m 0.437 ms - 62[0m
2025-10-10 18:08:35 [WARN]: 404 - Ruta no encontrada: GET /api/clase
2025-10-10 18:08:35 [INFO]: [0mGET /api/clase [33m404[0m 0.585 ms - 62[0m
2025-10-10 18:08:37 [INFO]: [0mGET /api/cursos/activos [32m200[0m 154.435 ms - 670[0m
2025-10-10 18:08:38 [INFO]: [0mGET /api/cursos/activos [32m200[0m 151.721 ms - 670[0m
2025-10-10 18:08:43 [WARN]: 404 - Ruta no encontrada: GET /api/curso/68e9476b8f50fe8b0a986f14
2025-10-10 18:08:43 [INFO]: [0mGET /api/curso/68e9476b8f50fe8b0a986f14 [33m404[0m 0.501 ms - 62[0m
2025-10-10 18:08:43 [WARN]: 404 - Ruta no encontrada: GET /api/periodo?cursoId=68e9476b8f50fe8b0a986f14
2025-10-10 18:08:43 [INFO]: [0mGET /api/periodo?cursoId=68e9476b8f50fe8b0a986f14 [33m404[0m 0.537 ms - 62[0m
2025-10-10 18:08:43 [WARN]: 404 - Ruta no encontrada: GET /api/curso/68e9476b8f50fe8b0a986f14
2025-10-10 18:08:43 [INFO]: [0mGET /api/curso/68e9476b8f50fe8b0a986f14 [33m404[0m 0.524 ms - 62[0m
2025-10-10 18:08:43 [WARN]: 404 - Ruta no encontrada: GET /api/periodo?cursoId=68e9476b8f50fe8b0a986f14
2025-10-10 18:08:43 [INFO]: [0mGET /api/periodo?cursoId=68e9476b8f50fe8b0a986f14 [33m404[0m 0.868 ms - 62[0m
2025-10-10 18:08:50 [INFO]: [0mGET /api/cursos/activos [32m200[0m 150.736 ms - 670[0m
2025-10-10 18:08:50 [INFO]: [0mGET /api/cursos/activos [32m200[0m 152.249 ms - 670[0m
2025-10-10 18:08:54 [WARN]: 404 - Ruta no encontrada: GET /api/estudiante/profile
2025-10-10 18:08:54 [INFO]: [0mGET /api/estudiante/profile [33m404[0m 0.408 ms - 62[0m
2025-10-10 18:08:54 [WARN]: 404 - Ruta no encontrada: GET /api/matricula
2025-10-10 18:08:54 [INFO]: [0mGET /api/matricula [33m404[0m 0.853 ms - 62[0m
2025-10-10 18:08:54 [WARN]: 404 - Ruta no encontrada: GET /api/clase
2025-10-10 18:08:54 [INFO]: [0mGET /api/clase [33m404[0m 1.074 ms - 62[0m
2025-10-10 18:08:54 [WARN]: 404 - Ruta no encontrada: GET /api/estudiante/profile
2025-10-10 18:08:54 [INFO]: [0mGET /api/estudiante/profile [33m404[0m 0.731 ms - 62[0m
2025-10-10 18:08:54 [WARN]: 404 - Ruta no encontrada: GET /api/matricula
2025-10-10 18:08:54 [INFO]: [0mGET /api/matricula [33m404[0m 0.711 ms - 62[0m
2025-10-10 18:08:54 [WARN]: 404 - Ruta no encontrada: GET /api/clase
2025-10-10 18:08:54 [INFO]: [0mGET /api/clase [33m404[0m 0.456 ms - 62[0m
2025-10-10 18:09:02 [WARN]: 404 - Ruta no encontrada: GET /api/matricula
2025-10-10 18:09:02 [INFO]: [0mGET /api/matricula [33m404[0m 0.503 ms - 62[0m
2025-10-10 18:09:02 [WARN]: 404 - Ruta no encontrada: GET /api/matricula
2025-10-10 18:09:02 [INFO]: [0mGET /api/matricula [33m404[0m 0.491 ms - 62[0m
2025-10-10 18:09:36 [INFO]: [0mGET /api/cursos/activos [32m200[0m 154.277 ms - 670[0m
2025-10-10 18:09:36 [INFO]: [0mGET /api/cursos/activos [32m200[0m 154.673 ms - 670[0m
2025-10-10 18:09:46 [WARN]: 404 - Ruta no encontrada: GET /api/estudiante/profile
2025-10-10 18:09:46 [INFO]: [0mGET /api/estudiante/profile [33m404[0m 0.608 ms - 62[0m
2025-10-10 18:09:46 [WARN]: 404 - Ruta no encontrada: GET /api/matricula
2025-10-10 18:09:46 [INFO]: [0mGET /api/matricula [33m404[0m 0.718 ms - 62[0m
2025-10-10 18:09:46 [WARN]: 404 - Ruta no encontrada: GET /api/clase
2025-10-10 18:09:46 [INFO]: [0mGET /api/clase [33m404[0m 0.408 ms - 62[0m
2025-10-10 18:09:46 [WARN]: 404 - Ruta no encontrada: GET /api/estudiante/profile
2025-10-10 18:09:46 [INFO]: [0mGET /api/estudiante/profile [33m404[0m 0.537 ms - 62[0m
2025-10-10 18:09:46 [WARN]: 404 - Ruta no encontrada: GET /api/matricula
2025-10-10 18:09:46 [INFO]: [0mGET /api/matricula [33m404[0m 0.459 ms - 62[0m
2025-10-10 18:09:46 [WARN]: 404 - Ruta no encontrada: GET /api/clase
2025-10-10 18:09:46 [INFO]: [0mGET /api/clase [33m404[0m 0.514 ms - 62[0m
2025-10-10 18:09:51 [INFO]: [0mGET /api/cursos/activos [32m200[0m 150.769 ms - 670[0m
2025-10-10 18:09:51 [INFO]: [0mGET /api/cursos/activos [32m200[0m 152.185 ms - 670[0m
2025-10-10 18:09:53 [WARN]: 404 - Ruta no encontrada: GET /api/curso/68e9476b8f50fe8b0a986f14
2025-10-10 18:09:53 [INFO]: [0mGET /api/curso/68e9476b8f50fe8b0a986f14 [33m404[0m 0.584 ms - 62[0m
2025-10-10 18:09:53 [WARN]: 404 - Ruta no encontrada: GET /api/periodo?cursoId=68e9476b8f50fe8b0a986f14
2025-10-10 18:09:53 [INFO]: [0mGET /api/periodo?cursoId=68e9476b8f50fe8b0a986f14 [33m404[0m 0.551 ms - 62[0m
2025-10-10 18:09:53 [WARN]: 404 - Ruta no encontrada: GET /api/curso/68e9476b8f50fe8b0a986f14
2025-10-10 18:09:53 [INFO]: [0mGET /api/curso/68e9476b8f50fe8b0a986f14 [33m404[0m 0.805 ms - 62[0m
2025-10-10 18:09:53 [WARN]: 404 - Ruta no encontrada: GET /api/periodo?cursoId=68e9476b8f50fe8b0a986f14
2025-10-10 18:09:53 [INFO]: [0mGET /api/periodo?cursoId=68e9476b8f50fe8b0a986f14 [33m404[0m 0.299 ms - 62[0m
2025-10-10 18:13:36 [INFO]: [0mGET /api/cursos/68e94900a0b4ea6189e948ef [32m200[0m 148.429 ms - 516[0m
2025-10-10 18:14:14 [INFO]: [0mGET /api/cursos/ [32m200[0m 144.550 ms - 1325[0m
2025-10-10 18:14:23 [INFO]: [0mGET /api/cursos/68e9476b8f50fe8b0a986f14 [32m200[0m 143.977 ms - 806[0m
2025-10-10 18:15:33 [WARN]: 404 - Ruta no encontrada: GET /api/periodo?cursoId=68e9476b8f50fe8b0a986f14
2025-10-10 18:15:33 [INFO]: [0mGET /api/periodo?cursoId=68e9476b8f50fe8b0a986f14 [33m404[0m 0.538 ms - 62[0m
2025-10-10 18:15:33 [INFO]: [0mGET /api/cursos/68e9476b8f50fe8b0a986f14 [33m401[0m 0.309 ms - 26[0m
2025-10-10 18:15:40 [INFO]: [0mGET /api/cursos/68e9476b8f50fe8b0a986f14 [33m401[0m 0.222 ms - 26[0m
2025-10-10 18:15:40 [WARN]: 404 - Ruta no encontrada: GET /api/periodo?cursoId=68e9476b8f50fe8b0a986f14
2025-10-10 18:15:40 [INFO]: [0mGET /api/periodo?cursoId=68e9476b8f50fe8b0a986f14 [33m404[0m 0.550 ms - 62[0m
2025-10-10 18:16:40 [INFO]: [0mGET /api/cursos/activos [32m200[0m 145.421 ms - 670[0m
2025-10-10 18:16:40 [INFO]: [0mGET /api/cursos/activos [32m200[0m 155.199 ms - 670[0m
2025-10-10 18:16:43 [INFO]: [0mGET /api/cursos/68e9476b8f50fe8b0a986f14 [33m401[0m 0.393 ms - 26[0m
2025-10-10 18:16:43 [WARN]: 404 - Ruta no encontrada: GET /api/periodo?cursoId=68e9476b8f50fe8b0a986f14
2025-10-10 18:16:43 [INFO]: [0mGET /api/periodo?cursoId=68e9476b8f50fe8b0a986f14 [33m404[0m 0.708 ms - 62[0m
2025-10-10 18:16:43 [INFO]: [0mGET /api/cursos/68e9476b8f50fe8b0a986f14 [33m401[0m 0.282 ms - 26[0m
2025-10-10 18:16:43 [WARN]: 404 - Ruta no encontrada: GET /api/periodo?cursoId=68e9476b8f50fe8b0a986f14
2025-10-10 18:16:43 [INFO]: [0mGET /api/periodo?cursoId=68e9476b8f50fe8b0a986f14 [33m404[0m 0.628 ms - 62[0m
2025-10-10 18:17:34 [INFO]: [0mGET /api/cursos/68e9476b8f50fe8b0a986f14 [33m401[0m 0.448 ms - 26[0m
2025-10-10 18:17:34 [WARN]: 404 - Ruta no encontrada: GET /api/periodo?cursoId=68e9476b8f50fe8b0a986f14
2025-10-10 18:17:34 [INFO]: [0mGET /api/periodo?cursoId=68e9476b8f50fe8b0a986f14 [33m404[0m 0.661 ms - 62[0m
2025-10-10 18:19:45 [INFO]: [0mGET /api/cursos/68e9476b8f50fe8b0a986f14 [33m401[0m 0.331 ms - 26[0m
2025-10-10 18:19:45 [WARN]: 404 - Ruta no encontrada: GET /api/periodo?cursoId=68e9476b8f50fe8b0a986f14
2025-10-10 18:19:45 [INFO]: [0mGET /api/periodo?cursoId=68e9476b8f50fe8b0a986f14 [33m404[0m 0.424 ms - 62[0m
2025-10-10 18:19:55 [INFO]: [0mPOST /api/login [32m200[0m 372.146 ms - 517[0m
2025-10-10 18:19:55 [WARN]: 404 - Ruta no encontrada: GET /api/estudiante/profile
2025-10-10 18:19:55 [INFO]: [0mGET /api/estudiante/profile [33m404[0m 0.550 ms - 62[0m
2025-10-10 18:19:55 [WARN]: 404 - Ruta no encontrada: GET /api/matricula
2025-10-10 18:19:55 [INFO]: [0mGET /api/matricula [33m404[0m 0.642 ms - 62[0m
2025-10-10 18:19:55 [WARN]: 404 - Ruta no encontrada: GET /api/clase
2025-10-10 18:19:55 [INFO]: [0mGET /api/clase [33m404[0m 0.374 ms - 62[0m
2025-10-10 18:19:55 [WARN]: 404 - Ruta no encontrada: GET /api/estudiante/profile
2025-10-10 18:19:55 [INFO]: [0mGET /api/estudiante/profile [33m404[0m 0.406 ms - 62[0m
2025-10-10 18:19:55 [WARN]: 404 - Ruta no encontrada: GET /api/matricula
2025-10-10 18:19:55 [INFO]: [0mGET /api/matricula [33m404[0m 0.474 ms - 62[0m
2025-10-10 18:19:55 [WARN]: 404 - Ruta no encontrada: GET /api/clase
2025-10-10 18:19:55 [INFO]: [0mGET /api/clase [33m404[0m 0.383 ms - 62[0m
2025-10-10 18:19:57 [WARN]: 404 - Ruta no encontrada: GET /api/matricula
2025-10-10 18:19:57 [INFO]: [0mGET /api/matricula [33m404[0m 0.761 ms - 62[0m
2025-10-10 18:19:57 [WARN]: 404 - Ruta no encontrada: GET /api/matricula
2025-10-10 18:19:57 [INFO]: [0mGET /api/matricula [33m404[0m 0.618 ms - 62[0m
2025-10-10 18:20:01 [INFO]: [0mGET /api/cursos/activos [32m200[0m 143.145 ms - 670[0m
2025-10-10 18:20:01 [INFO]: [0mGET /api/cursos/activos [32m200[0m 143.933 ms - 670[0m
2025-10-10 18:20:02 [WARN]: 404 - Ruta no encontrada: GET /api/matricula
2025-10-10 18:20:02 [INFO]: [0mGET /api/matricula [33m404[0m 0.508 ms - 62[0m
2025-10-10 18:20:02 [WARN]: 404 - Ruta no encontrada: GET /api/matricula
2025-10-10 18:20:02 [INFO]: [0mGET /api/matricula [33m404[0m 0.674 ms - 62[0m
2025-10-10 18:20:54 [WARN]: 404 - Ruta no encontrada: GET /api/matricula
2025-10-10 18:20:54 [INFO]: [0mGET /api/matricula [33m404[0m 0.368 ms - 62[0m
2025-10-10 18:21:32 [WARN]: 404 - Ruta no encontrada: GET /api/matricula
2025-10-10 18:21:32 [INFO]: [0mGET /api/matricula [33m404[0m 0.390 ms - 62[0m
2025-10-10 18:23:40 [WARN]: 404 - Ruta no encontrada: GET /api/matricula
2025-10-10 18:23:40 [INFO]: [0mGET /api/matricula [33m404[0m 0.530 ms - 62[0m
2025-10-10 18:24:53 [INFO]: [0mGET /api/matriculas [33m401[0m 0.414 ms - 26[0m
2025-10-10 18:26:15 [INFO]: [0mGET /api/matriculas/estudiante [33m401[0m 0.237 ms - 26[0m
2025-10-10 18:27:42 [WARN]: 404 - Ruta no encontrada: GET /api/matricula/estudiante
2025-10-10 18:27:42 [INFO]: [0mGET /api/matricula/estudiante [33m404[0m 0.963 ms - 62[0m
2025-10-10 18:27:49 [INFO]: [0mGET /api/matriculas/estudiante [33m401[0m 0.441 ms - 26[0m
2025-10-10 18:27:53 [INFO]: [0mGET /api/matriculas/estudiante [33m401[0m 0.350 ms - 26[0m
2025-10-10 18:27:57 [INFO]: [0mGET /api/matriculas/estudiantes [33m401[0m 0.616 ms - 26[0m
2025-10-10 18:28:11 [INFO]: [0mPOST /api/login [32m200[0m 727.573 ms - 517[0m
2025-10-10 18:28:12 [WARN]: 404 - Ruta no encontrada: GET /api/estudiante/profile
2025-10-10 18:28:12 [INFO]: [0mGET /api/estudiante/profile [33m404[0m 0.427 ms - 62[0m
2025-10-10 18:28:12 [INFO]: [0mGET /api/matriculas/estudiante [33m401[0m 0.369 ms - 26[0m
2025-10-10 18:28:12 [WARN]: 404 - Ruta no encontrada: GET /api/clase
2025-10-10 18:28:12 [INFO]: [0mGET /api/clase [33m404[0m 0.450 ms - 62[0m
2025-10-10 18:28:12 [WARN]: 404 - Ruta no encontrada: GET /api/estudiante/profile
2025-10-10 18:28:12 [INFO]: [0mGET /api/estudiante/profile [33m404[0m 0.607 ms - 62[0m
2025-10-10 18:28:12 [INFO]: [0mGET /api/matriculas/estudiante [33m401[0m 0.423 ms - 26[0m
2025-10-10 18:28:12 [WARN]: 404 - Ruta no encontrada: GET /api/clase
2025-10-10 18:28:12 [INFO]: [0mGET /api/clase [33m404[0m 0.580 ms - 62[0m
2025-10-10 18:28:19 [INFO]: [0mGET /api/matriculas/estudiantes [33m401[0m 0.211 ms - 26[0m
2025-10-10 18:28:20 [INFO]: [0mGET /api/matriculas/estudiantes [33m401[0m 0.201 ms - 26[0m
2025-10-10 18:28:20 [INFO]: [0mGET /api/matriculas/estudiantes [33m401[0m 0.212 ms - 26[0m
2025-10-10 18:28:21 [INFO]: [0mGET /api/matriculas/estudiantes [33m401[0m 0.251 ms - 26[0m
2025-10-10 18:28:57 [INFO]: [0mGET /api/matriculas/estudiantes [33m401[0m 0.217 ms - 26[0m
2025-10-10 18:33:30 [INFO]: [0mGET /api/matriculas/estudiante [33m401[0m 0.346 ms - 26[0m
2025-10-10 18:33:30 [WARN]: 404 - Ruta no encontrada: GET /api/clase
2025-10-10 18:33:30 [INFO]: [0mGET /api/clase [33m404[0m 0.479 ms - 62[0m
2025-10-10 18:33:30 [WARN]: 404 - Ruta no encontrada: GET /api/estudiante/profile
2025-10-10 18:33:30 [INFO]: [0mGET /api/estudiante/profile [33m404[0m 0.545 ms - 62[0m
2025-10-10 18:33:32 [INFO]: [0mGET /api/matriculas/estudiante [33m401[0m 0.296 ms - 26[0m
2025-10-10 18:33:32 [INFO]: [0mGET /api/matriculas/estudiante [33m401[0m 0.296 ms - 26[0m
2025-10-10 18:33:37 [INFO]: [0mGET /api/matriculas/estudiante [33m401[0m 0.347 ms - 26[0m
2025-10-10 18:33:44 [INFO]: [0mGET /api/matriculas/estudiante [33m401[0m 0.464 ms - 26[0m
2025-10-10 18:33:46 [INFO]: [0mGET /api/matriculas/estudiante [33m401[0m 0.218 ms - 26[0m
2025-10-10 18:33:52 [WARN]: 404 - Ruta no encontrada: GET /.well-known/appspecific/com.chrome.devtools.json
2025-10-10 18:33:52 [INFO]: [0mGET /.well-known/appspecific/com.chrome.devtools.json [33m404[0m 0.943 ms - 62[0m
2025-10-10 18:37:04 [INFO]: [0mGET /api/profile [32m200[0m 156.365 ms - 314[0m
2025-10-10 18:38:40 [INFO]: [0mGET /api/matriculas/estudiante [33m401[0m 0.292 ms - 26[0m
2025-10-10 18:38:46 [WARN]: 404 - Ruta no encontrada: GET /api/estudiante/profile
2025-10-10 18:38:46 [INFO]: [0mGET /api/estudiante/profile [33m404[0m 0.412 ms - 62[0m
2025-10-10 18:38:46 [WARN]: 404 - Ruta no encontrada: GET /api/estudiante/profile
2025-10-10 18:38:46 [INFO]: [0mGET /api/estudiante/profile [33m404[0m 0.694 ms - 62[0m
2025-10-10 18:40:16 [INFO]: [0mGET /api/profile [33m401[0m 0.357 ms - 26[0m
2025-10-10 18:42:41 [INFO]: [0mGET /api/profile [33m401[0m 0.327 ms - 26[0m
2025-10-10 18:47:23 [INFO]: [0mGET /api/profile [32m200[0m 160.841 ms - 323[0m
2025-10-10 18:47:49 [INFO]: [0mGET /api/profile [32m200[0m 151.085 ms - 323[0m
2025-10-10 18:47:58 [INFO]: [0mGET /api/profile [32m200[0m 146.015 ms - 323[0m
2025-10-10 18:48:18 [INFO]: [0mGET /api/profile [32m200[0m 144.627 ms - 323[0m
2025-10-10 18:48:36 [INFO]: [0mPUT /api/profile [32m200[0m 158.754 ms - 323[0m
2025-10-10 18:48:36 [INFO]: [0mGET /api/profile [32m200[0m 146.064 ms - 323[0m
2025-10-10 18:49:16 [INFO]: [0mGET /api/matriculas/estudiantes [33m401[0m 0.855 ms - 26[0m
2025-10-10 18:49:23 [INFO]: [0mGET /api/matriculas/estudiante [32m200[0m 330.855 ms - 640[0m
2025-10-10 18:49:23 [INFO]: [0mGET /api/cursos/[object%20Object] [31m500[0m 3.150 ms - 117[0m
2025-10-10 18:49:23 [INFO]: [0mGET /api/matriculas/estudiante [32m200[0m 310.067 ms - 640[0m
2025-10-10 18:49:23 [INFO]: [0mGET /api/cursos/[object%20Object] [31m500[0m 1.438 ms - 117[0m
2025-10-10 18:49:27 [INFO]: [0mGET /api/matriculas/estudiante [32m200[0m 293.403 ms - 640[0m
2025-10-10 18:49:27 [INFO]: [0mGET /api/cursos/[object%20Object] [31m500[0m 1.704 ms - 117[0m
2025-10-10 18:51:37 [INFO]: [0mGET /api/profile [32m200[0m 160.150 ms - 323[0m
2025-10-10 18:51:37 [INFO]: [0mGET /api/profile [32m200[0m 148.342 ms - 323[0m
2025-10-10 18:52:20 [INFO]: [0mGET /api/matriculas/estudiante [32m200[0m 305.021 ms - 640[0m
2025-10-10 18:52:20 [INFO]: [0mGET /api/cursos/[object%20Object] [33m400[0m 0.785 ms - 31[0m
2025-10-10 18:52:20 [INFO]: [0mGET /api/matriculas/estudiante [32m200[0m 308.570 ms - 640[0m
2025-10-10 18:52:20 [INFO]: [0mGET /api/cursos/[object%20Object] [33m400[0m 0.892 ms - 31[0m
2025-10-10 18:55:58 [INFO]: [0mGET /api/matriculas/estudiante [32m200[0m 320.294 ms - 640[0m
2025-10-10 18:55:58 [INFO]: [0mGET /api/cursos/[object%20Object] [33m400[0m 1.661 ms - 31[0m
2025-10-10 18:56:22 [INFO]: [0mGET /api/cursos/activos [32m200[0m 149.662 ms - 670[0m
2025-10-10 18:56:22 [INFO]: [0mGET /api/cursos/activos [32m200[0m 148.566 ms - 670[0m
2025-10-10 18:56:29 [WARN]: 404 - Ruta no encontrada: GET /api/carrito/items
2025-10-10 18:56:29 [INFO]: [0mGET /api/carrito/items [33m404[0m 1.373 ms - 62[0m
2025-10-10 18:56:29 [WARN]: 404 - Ruta no encontrada: GET /api/carrito/items
2025-10-10 18:56:29 [INFO]: [0mGET /api/carrito/items [33m404[0m 1.375 ms - 62[0m
2025-10-10 18:56:32 [INFO]: [0mGET /api/cursos/activos [32m200[0m 148.242 ms - 670[0m
2025-10-10 18:56:32 [INFO]: [0mGET /api/cursos/activos [32m200[0m 151.672 ms - 670[0m
2025-10-10 18:56:40 [WARN]: 404 - Ruta no encontrada: GET /api/carrito/items
2025-10-10 18:56:40 [INFO]: [0mGET /api/carrito/items [33m404[0m 1.087 ms - 62[0m
2025-10-10 18:56:40 [WARN]: 404 - Ruta no encontrada: GET /api/carrito/items
2025-10-10 18:56:40 [INFO]: [0mGET /api/carrito/items [33m404[0m 0.989 ms - 62[0m
2025-10-10 18:56:52 [WARN]: 404 - Ruta no encontrada: GET /api/clase
2025-10-10 18:56:52 [INFO]: [0mGET /api/clase [33m404[0m 0.901 ms - 62[0m
2025-10-10 18:56:52 [WARN]: 404 - Ruta no encontrada: GET /api/clase
2025-10-10 18:56:52 [INFO]: [0mGET /api/clase [33m404[0m 0.678 ms - 62[0m
2025-10-10 18:56:52 [INFO]: [0mGET /api/profile [32m200[0m 148.859 ms - 323[0m
2025-10-10 18:56:53 [INFO]: [0mGET /api/profile [32m200[0m 147.609 ms - 323[0m
2025-10-10 18:56:53 [INFO]: [0mGET /api/matriculas/estudiante [32m200[0m 299.028 ms - 640[0m
2025-10-10 18:56:53 [INFO]: [0mGET /api/matriculas/estudiante [32m200[0m 317.481 ms - 640[0m
2025-10-10 18:57:12 [INFO]: [0mPOST /api/register [33m400[0m 153.698 ms - 24[0m
2025-10-10 18:57:50 [INFO]: [0mPOST /api/register [33m400[0m 295.684 ms - 26[0m
2025-10-10 18:58:32 [INFO]: [0mPOST /api/register [32m200[0m 552.004 ms - 453[0m
2025-10-10 18:58:34 [WARN]: 404 - Ruta no encontrada: GET /api/docente/profile
2025-10-10 18:58:34 [INFO]: [0mGET /api/docente/profile [33m404[0m 0.841 ms - 62[0m
2025-10-10 18:58:34 [WARN]: 404 - Ruta no encontrada: GET /api/clase
2025-10-10 18:58:34 [INFO]: [0mGET /api/clase [33m404[0m 2.258 ms - 62[0m
2025-10-10 18:58:34 [WARN]: 404 - Ruta no encontrada: GET /api/docente/profile
2025-10-10 18:58:34 [INFO]: [0mGET /api/docente/profile [33m404[0m 0.599 ms - 62[0m
2025-10-10 18:58:34 [WARN]: 404 - Ruta no encontrada: GET /api/clase
2025-10-10 18:58:34 [INFO]: [0mGET /api/clase [33m404[0m 0.453 ms - 62[0m
2025-10-10 18:58:49 [WARN]: 404 - Ruta no encontrada: GET /api/docente/profile
2025-10-10 18:58:49 [INFO]: [0mGET /api/docente/profile [33m404[0m 0.601 ms - 62[0m
2025-10-10 18:58:49 [WARN]: 404 - Ruta no encontrada: GET /api/clase
2025-10-10 18:58:49 [INFO]: [0mGET /api/clase [33m404[0m 1.306 ms - 62[0m
2025-10-10 18:58:51 [WARN]: 404 - Ruta no encontrada: GET /api/docente/profile
2025-10-10 18:58:51 [INFO]: [0mGET /api/docente/profile [33m404[0m 0.443 ms - 62[0m
2025-10-10 18:58:51 [WARN]: 404 - Ruta no encontrada: GET /api/docente/profile
2025-10-10 18:58:51 [INFO]: [0mGET /api/docente/profile [33m404[0m 0.818 ms - 62[0m
2025-10-10 18:58:58 [WARN]: 404 - Ruta no encontrada: GET /api/docente/profile
2025-10-10 18:58:58 [INFO]: [0mGET /api/docente/profile [33m404[0m 0.502 ms - 62[0m
2025-10-10 18:58:58 [WARN]: 404 - Ruta no encontrada: GET /api/clase
2025-10-10 18:58:58 [INFO]: [0mGET /api/clase [33m404[0m 0.570 ms - 62[0m
2025-10-10 18:58:58 [WARN]: 404 - Ruta no encontrada: GET /api/docente/profile
2025-10-10 18:58:58 [INFO]: [0mGET /api/docente/profile [33m404[0m 0.928 ms - 62[0m
2025-10-10 18:58:58 [WARN]: 404 - Ruta no encontrada: GET /api/clase
2025-10-10 18:58:58 [INFO]: [0mGET /api/clase [33m404[0m 0.481 ms - 62[0m
2025-10-10 18:59:01 [WARN]: 404 - Ruta no encontrada: GET /api/docente/profile
2025-10-10 18:59:01 [INFO]: [0mGET /api/docente/profile [33m404[0m 0.885 ms - 62[0m
2025-10-10 18:59:01 [WARN]: 404 - Ruta no encontrada: GET /api/docente/profile
2025-10-10 18:59:01 [INFO]: [0mGET /api/docente/profile [33m404[0m 0.665 ms - 62[0m
2025-10-10 18:59:03 [WARN]: 404 - Ruta no encontrada: GET /api/clase
2025-10-10 18:59:03 [INFO]: [0mGET /api/clase [33m404[0m 0.482 ms - 62[0m
2025-10-10 18:59:03 [WARN]: 404 - Ruta no encontrada: GET /api/clase
2025-10-10 18:59:03 [INFO]: [0mGET /api/clase [33m404[0m 0.912 ms - 62[0m
2025-10-10 18:59:05 [WARN]: 404 - Ruta no encontrada: GET /api/docente/profile
2025-10-10 18:59:05 [INFO]: [0mGET /api/docente/profile [33m404[0m 0.498 ms - 62[0m
2025-10-10 18:59:05 [WARN]: 404 - Ruta no encontrada: GET /api/docente/profile
2025-10-10 18:59:05 [INFO]: [0mGET /api/docente/profile [33m404[0m 0.615 ms - 62[0m
